[      73ms] [ERROR] Failed to load resource: the server responded with a status of 404 (File not found) @ http://localhost:8765/favicon.ico:0
[  101253ms] DataCloneError: Failed to execute 'structuredClone' on 'Window': [object Array] could not be cloned.
    at https://allwrite-production.up.railway.app/assets/main-BFZuAFDv.js:38:23698
    at Nh (https://allwrite-production.up.railway.app/assets/main-BFZuAFDv.js:38:24184)
    at https://allwrite-production.up.railway.app/assets/main-BFZuAFDv.js:38:13851
    at https://allwrite-production.up.railway.app/assets/main-BFZuAFDv.js:38:7485
    at xh.produce (https://allwrite-production.up.railway.app/assets/main-BFZuAFDv.js:38:7636)
    at https://allwrite-production.up.railway.app/assets/main-BFZuAFDv.js:38:7470
    at r (https://allwrite-production.up.railway.app/assets/main-BFZuAFDv.js:29:128959)
    at r.setState (https://allwrite-production.up.railway.app/assets/main-BFZuAFDv.js:38:8914)
    at addDrawing (https://allwrite-production.up.railway.app/assets/main-BFZuAFDv.js:38:13816)
    at xT.<anonymous> (https://allwrite-production.up.railway.app/assets/main-BFZuAFDv.js:65:18947)
[  102677ms] DataCloneError: Failed to execute 'structuredClone' on 'Window': [object Array] could not be cloned.
    at https://allwrite-production.up.railway.app/assets/main-BFZuAFDv.js:38:23698
    at Nh (https://allwrite-production.up.railway.app/assets/main-BFZuAFDv.js:38:24184)
    at https://allwrite-production.up.railway.app/assets/main-BFZuAFDv.js:38:13851
    at https://allwrite-production.up.railway.app/assets/main-BFZuAFDv.js:38:7485
    at xh.produce (https://allwrite-production.up.railway.app/assets/main-BFZuAFDv.js:38:7636)
    at https://allwrite-production.up.railway.app/assets/main-BFZuAFDv.js:38:7470
    at r (https://allwrite-production.up.railway.app/assets/main-BFZuAFDv.js:29:128959)
    at r.setState (https://allwrite-production.up.railway.app/assets/main-BFZuAFDv.js:38:8914)
    at addDrawing (https://allwrite-production.up.railway.app/assets/main-BFZuAFDv.js:38:13816)
    at xT.<anonymous> (https://allwrite-production.up.railway.app/assets/main-BFZuAFDv.js:65:18947)
[  103848ms] DataCloneError: Failed to execute 'structuredClone' on 'Window': [object Array] could not be cloned.
    at https://allwrite-production.up.railway.app/assets/main-BFZuAFDv.js:38:23698
    at Nh (https://allwrite-production.up.railway.app/assets/main-BFZuAFDv.js:38:24184)
    at https://allwrite-production.up.railway.app/assets/main-BFZuAFDv.js:38:13851
    at https://allwrite-production.up.railway.app/assets/main-BFZuAFDv.js:38:7485
    at xh.produce (https://allwrite-production.up.railway.app/assets/main-BFZuAFDv.js:38:7636)
    at https://allwrite-production.up.railway.app/assets/main-BFZuAFDv.js:38:7470
    at r (https://allwrite-production.up.railway.app/assets/main-BFZuAFDv.js:29:128959)
    at r.setState (https://allwrite-production.up.railway.app/assets/main-BFZuAFDv.js:38:8914)
    at addDrawing (https://allwrite-production.up.railway.app/assets/main-BFZuAFDv.js:38:13816)
    at xT.<anonymous> (https://allwrite-production.up.railway.app/assets/main-BFZuAFDv.js:65:18947)
[  104728ms] DataCloneError: Failed to execute 'structuredClone' on 'Window': [object Array] could not be cloned.
    at https://allwrite-production.up.railway.app/assets/main-BFZuAFDv.js:38:23698
    at Nh (https://allwrite-production.up.railway.app/assets/main-BFZuAFDv.js:38:24184)
    at https://allwrite-production.up.railway.app/assets/main-BFZuAFDv.js:38:13851
    at https://allwrite-production.up.railway.app/assets/main-BFZuAFDv.js:38:7485
    at xh.produce (https://allwrite-production.up.railway.app/assets/main-BFZuAFDv.js:38:7636)
    at https://allwrite-production.up.railway.app/assets/main-BFZuAFDv.js:38:7470
    at r (https://allwrite-production.up.railway.app/assets/main-BFZuAFDv.js:29:128959)
    at r.setState (https://allwrite-production.up.railway.app/assets/main-BFZuAFDv.js:38:8914)
    at addDrawing (https://allwrite-production.up.railway.app/assets/main-BFZuAFDv.js:38:13816)
    at xT.<anonymous> (https://allwrite-production.up.railway.app/assets/main-BFZuAFDv.js:65:18947)
[  106329ms] DataCloneError: Failed to execute 'structuredClone' on 'Window': [object Array] could not be cloned.
    at https://allwrite-production.up.railway.app/assets/main-BFZuAFDv.js:38:23698
    at Nh (https://allwrite-production.up.railway.app/assets/main-BFZuAFDv.js:38:24184)
    at https://allwrite-production.up.railway.app/assets/main-BFZuAFDv.js:38:13851
    at https://allwrite-production.up.railway.app/assets/main-BFZuAFDv.js:38:7485
    at xh.produce (https://allwrite-production.up.railway.app/assets/main-BFZuAFDv.js:38:7636)
    at https://allwrite-production.up.railway.app/assets/main-BFZuAFDv.js:38:7470
    at r (https://allwrite-production.up.railway.app/assets/main-BFZuAFDv.js:29:128959)
    at r.setState (https://allwrite-production.up.railway.app/assets/main-BFZuAFDv.js:38:8914)
    at addDrawing (https://allwrite-production.up.railway.app/assets/main-BFZuAFDv.js:38:13816)
    at xT.<anonymous> (https://allwrite-production.up.railway.app/assets/main-BFZuAFDv.js:65:18947)
[  106867ms] DataCloneError: Failed to execute 'structuredClone' on 'Window': [object Array] could not be cloned.
    at https://allwrite-production.up.railway.app/assets/main-BFZuAFDv.js:38:23698
    at Nh (https://allwrite-production.up.railway.app/assets/main-BFZuAFDv.js:38:24184)
    at https://allwrite-production.up.railway.app/assets/main-BFZuAFDv.js:38:13851
    at https://allwrite-production.up.railway.app/assets/main-BFZuAFDv.js:38:7485
    at xh.produce (https://allwrite-production.up.railway.app/assets/main-BFZuAFDv.js:38:7636)
    at https://allwrite-production.up.railway.app/assets/main-BFZuAFDv.js:38:7470
    at r (https://allwrite-production.up.railway.app/assets/main-BFZuAFDv.js:29:128959)
    at r.setState (https://allwrite-production.up.railway.app/assets/main-BFZuAFDv.js:38:8914)
    at addDrawing (https://allwrite-production.up.railway.app/assets/main-BFZuAFDv.js:38:13816)
    at xT.<anonymous> (https://allwrite-production.up.railway.app/assets/main-BFZuAFDv.js:65:18947)
[  107382ms] DataCloneError: Failed to execute 'structuredClone' on 'Window': [object Array] could not be cloned.
    at https://allwrite-production.up.railway.app/assets/main-BFZuAFDv.js:38:23698
    at Nh (https://allwrite-production.up.railway.app/assets/main-BFZuAFDv.js:38:24184)
    at https://allwrite-production.up.railway.app/assets/main-BFZuAFDv.js:38:13851
    at https://allwrite-production.up.railway.app/assets/main-BFZuAFDv.js:38:7485
    at xh.produce (https://allwrite-production.up.railway.app/assets/main-BFZuAFDv.js:38:7636)
    at https://allwrite-production.up.railway.app/assets/main-BFZuAFDv.js:38:7470
    at r (https://allwrite-production.up.railway.app/assets/main-BFZuAFDv.js:29:128959)
    at r.setState (https://allwrite-production.up.railway.app/assets/main-BFZuAFDv.js:38:8914)
    at addDrawing (https://allwrite-production.up.railway.app/assets/main-BFZuAFDv.js:38:13816)
    at xT.<anonymous> (https://allwrite-production.up.railway.app/assets/main-BFZuAFDv.js:65:18947)
