\BOOKMARK [1][-]{section.1}{\376\377\316\164\271\310\307\164\320\164\000\040\325\150\302\030\000\040\000\050\000C\000a\000r\000m\000i\000c\000h\000a\000e\000l\000'\000s\000\040\000L\000a\000m\000b\000d\000a\000\040\000F\000u\000n\000c\000t\000i\000o\000n\000\051}{}% 1
\BOOKMARK [2][-]{subsection.1.1}{\376\377\310\025\307\130\306\100\000\040\256\060\274\370\000\040\254\034\261\120}{section.1}% 2
\BOOKMARK [3][-]{subsubsection.1.1.1}{\376\377\306\044\307\174\267\354\000\040\325\150\302\030\306\100\307\130\000\040\255\000\254\304}{subsection.1.1}% 3
\BOOKMARK [2][-]{subsection.1.2}{\376\377\254\304\300\260\000\040\254\365\302\335}{section.1}% 4
\BOOKMARK [3][-]{subsubsection.1.2.1}{\376\377\255\334\316\131\000\040\0001\000:\000\040\301\214\302\030\000\040\254\160\264\355\310\034\254\361}{subsection.1.2}% 5
\BOOKMARK [3][-]{subsubsection.1.2.2}{\376\377\255\334\316\131\000\040\0002\000:\000\040\301\034\270\134\301\214\307\170\000\040\302\030\264\344\307\130\000\040\254\361}{subsection.1.2}% 6
\BOOKMARK [2][-]{subsection.1.3}{\376\377\306\010\302\334\000:\000\040\000\050\0001\0000\0000\000\051\000\040\254\304\300\260}{section.1}% 7
\BOOKMARK [3][-]{subsubsection.1.3.1}{\376\377\306\044\307\174\267\354\000\040\325\150\302\030\306\100\307\130\000\040\276\104\255\120}{subsection.1.3}% 8
\BOOKMARK [2][-]{subsection.1.4}{\376\377\254\200\311\235\000\040\306\010\302\334}{section.1}% 9
\BOOKMARK [2][-]{subsection.1.5}{\376\377\263\124\000\040\271\316\307\100\000\040\306\010\302\334}{section.1}% 10
\BOOKMARK [1][-]{section.2}{\376\377\000p\000-\000a\000d\000i\000c\000\040\275\204\301\035\000\040\000\050\000p\000-\000a\000d\000i\000c\000\040\000V\000a\000l\000u\000a\000t\000i\000o\000n\000\051}{}% 11
\BOOKMARK [2][-]{subsection.2.1}{\376\377\310\025\307\130\306\100\000\040\256\060\274\370\000\040\254\034\261\120}{section.2}% 12
\BOOKMARK [3][-]{subsubsection.2.1.1}{\376\377\324\134\256\060\274\225}{subsection.2.1}% 13
\BOOKMARK [2][-]{subsection.2.2}{\376\377\256\060\274\370\000\040\301\061\311\310}{section.2}% 14
\BOOKMARK [2][-]{subsection.2.3}{\376\377\271\164\307\245\264\334\271\164\000\040\254\365\302\335\000\040\000\050\000L\000e\000g\000e\000n\000d\000r\000e\000'\000s\000\040\000F\000o\000r\000m\000u\000l\000a\000\051}{section.2}% 15
\BOOKMARK [3][-]{subsubsection.2.3.1}{\376\377\311\301\255\000\310\001\000\040\307\164\325\164}{subsection.2.3}% 16
\BOOKMARK [2][-]{subsection.2.4}{\376\377\306\320\267\230\000\040\273\070\310\034\305\320\000\040\310\001\306\251}{section.2}% 17
\BOOKMARK [3][-]{subsubsection.2.4.1}{\376\377\000v\0002\000\050\000P\000\051\000\040\254\304\300\260}{subsection.2.4}% 18
\BOOKMARK [3][-]{subsubsection.2.4.2}{\376\377\000v\0005\000\050\000P\000\051\000\040\254\304\300\260}{subsection.2.4}% 19
\BOOKMARK [3][-]{subsubsection.2.4.3}{\376\377\254\260\270\140}{subsection.2.4}% 20
\BOOKMARK [1][-]{section.3}{\376\377\311\021\255\155\307\170\307\130\000\040\260\230\272\070\311\300\000\040\310\025\271\254\000\040\000\050\000C\000h\000i\000n\000e\000s\000e\000\040\000R\000e\000m\000a\000i\000n\000d\000e\000r\000\040\000T\000h\000e\000o\000r\000e\000m\000\051}{}% 21
\BOOKMARK [2][-]{subsection.3.1}{\376\377\310\025\307\130\306\100\000\040\310\025\271\254}{section.3}% 22
\BOOKMARK [3][-]{subsubsection.3.1.1}{\376\377\305\355\300\254\310\001\000\040\274\060\254\275}{subsection.3.1}% 23
\BOOKMARK [2][-]{subsection.3.2}{\376\377\264\120\000\040\254\034\000\040\325\151\263\331\302\335\307\130\000\040\254\275\306\260}{section.3}% 24
\BOOKMARK [3][-]{subsubsection.3.2.1}{\376\377\256\060\274\370\000\040\300\254\270\100\000:\000\040\0002\254\034\000\040\305\360\271\275\000\040\325\151\263\331\302\335}{subsection.3.2}% 25
\BOOKMARK [3][-]{subsubsection.3.2.2}{\376\377\255\154\301\061\310\001\000\040\311\235\272\205\000\040\000\050\305\114\254\340\271\254\311\230\000\051}{subsection.3.2}% 26
\BOOKMARK [2][-]{subsection.3.3}{\376\377\301\070\000\040\254\034\000\040\307\164\300\301\000\040\325\151\263\331\302\335\307\130\000\040\254\275\306\260}{section.3}% 27
\BOOKMARK [3][-]{subsubsection.3.3.1}{\376\377\307\174\274\030\000\040\305\114\254\340\271\254\311\230}{subsection.3.3}% 28
\BOOKMARK [2][-]{subsection.3.4}{\376\377\307\121\306\251\254\374\000\040\326\134\306\251}{section.3}% 29
\BOOKMARK [1][-]{section.4}{\376\377\305\360\302\265\273\070\310\034}{}% 30
\BOOKMARK [2][-]{subsection.4.1}{\376\377\316\164\271\310\307\164\320\164\000\040\325\150\302\030\000\040\305\360\302\265\273\070\310\034}{section.4}% 31
\BOOKMARK [2][-]{subsection.4.2}{\376\377\000p\000-\000a\000d\000i\000c\000\040\275\204\301\035\000\040\305\360\302\265\273\070\310\034}{section.4}% 32
\BOOKMARK [2][-]{subsection.4.3}{\376\377\310\205\325\151\000\040\273\070\310\034}{section.4}% 33
\BOOKMARK [2][-]{subsection.4.4}{\376\377\311\021\255\155\307\170\307\130\000\040\260\230\272\070\311\300\000\040\310\025\271\254\000\040\305\360\302\265\273\070\310\034}{section.4}% 34
\BOOKMARK [1][-]{section.5}{\376\377\325\165\302\354\000\040\306\224\305\175}{}% 35
\BOOKMARK [2][-]{subsection.5.1}{\376\377\316\164\271\310\307\164\320\164\000\040\325\150\302\030}{section.5}% 36
\BOOKMARK [2][-]{subsection.5.2}{\376\377\000p\000-\000a\000d\000i\000c\000\040\275\204\301\035}{section.5}% 37
\BOOKMARK [2][-]{subsection.5.3}{\376\377\311\021\255\155\307\170\307\130\000\040\260\230\272\070\311\300\000\040\310\025\271\254}{section.5}% 38
\BOOKMARK [2][-]{subsection.5.4}{\376\377\254\260\325\151\000\040\300\254\306\251}{section.5}% 39
