2026-03-14 15:47:51,864 [INFO] 큐 추가: [1] blog/a-level-maths-past-papers-guide.html — A-Level Maths Past Papers: Complete Guide to Using Them Effe
2026-03-14 15:47:51,867 [INFO] 큐 추가: [2] blog/algebra2-conic-sections-textbook.html — Algebra 2: Conic Sections - Chapter 10
2026-03-14 15:47:51,870 [INFO] 큐 추가: [3] blog/algebra2-exponential-log-textbook.html — Algebra 2: Exponential &amp; Logarithmic Functions - Chapter
2026-03-14 15:47:51,874 [INFO] 큐 추가: [4] blog/algebra2-linear-systems-textbook.html — Algebra 2: Linear Functions & Systems of Equations - Chapter
2026-03-14 15:47:51,877 [INFO] 큐 추가: [5] blog/algebra2-polynomials-textbook.html — Algebra 2: Polynomial Functions - Chapter 3
2026-03-14 15:47:51,881 [INFO] 큐 추가: [6] blog/algebra2-probability-textbook.html — Algebra 2: Probability &amp; Statistics - Chapter 9
2026-03-14 15:47:51,884 [INFO] 큐 추가: [7] blog/algebra2-quadratic-textbook.html — Algebra 2: Quadratic Functions & Equations - Chapter 2
2026-03-14 15:47:51,887 [INFO] 큐 추가: [8] blog/algebra2-radicals-textbook.html — Algebra 2: Radical Functions &amp; Rational Exponents - Chap
2026-03-14 15:47:51,889 [INFO] 큐 추가: [9] blog/algebra2-rational-textbook.html — Chapter 4: Rational Expressions & Equations | Algebra 2 Text
2026-03-14 15:47:51,892 [INFO] 큐 추가: [10] blog/algebra2-sequences-textbook.html — Algebra 2: Sequences &amp; Series - Chapter 8
2026-03-14 15:47:51,896 [INFO] 큐 추가: [11] blog/algebra2-trigonometry-textbook.html — Algebra 2: Introduction to Trigonometry - Chapter 7
2026-03-14 15:47:51,900 [INFO] 큐 추가: [12] blog/ap-calculus-applications-derivatives-textbook.html — AP Calculus: Applications of Derivatives - Chapter 4
2026-03-14 15:47:51,904 [INFO] 큐 추가: [13] blog/ap-calculus-applications-integration-textbook.html — AP Calculus: Applications of Integration - Chapter 8
2026-03-14 15:47:51,909 [INFO] 큐 추가: [14] blog/ap-calculus-chain-rule-textbook.html — AP Calculus: Chain Rule &amp; Implicit Differentiation - Cha
2026-03-14 15:47:51,913 [INFO] 큐 추가: [15] blog/ap-calculus-curve-sketching-textbook.html — AP Calculus: Curve Sketching, L'Hopital's Rule & Optimizatio
2026-03-14 15:47:51,918 [INFO] 큐 추가: [16] blog/ap-calculus-derivatives-textbook.html — AP Calculus: Differentiation Rules - Chapter 2
2026-03-14 15:47:51,923 [INFO] 큐 추가: [17] blog/ap-calculus-differential-equations-textbook.html — AP Calculus: Differential Equations - Chapter 7
2026-03-14 15:47:51,925 [INFO] 큐 추가: [18] blog/ap-calculus-integration-textbook.html — AP Calculus: Integration &amp; Fundamental Theorem - Chapter
2026-03-14 15:47:51,931 [INFO] 큐 추가: [19] blog/ap-calculus-parametric-polar-textbook.html — AP Calculus BC: Parametric, Polar & Vectors - Chapter 9
2026-03-14 15:47:51,936 [INFO] 큐 추가: [20] blog/ap-calculus-series-textbook.html — AP Calculus BC: Infinite Series &amp; Taylor Series - Chapte
2026-03-14 15:47:51,938 [INFO] 큐 추가: [21] blog/ap-calculus-techniques-integration-textbook.html — AP Calculus: Techniques of Integration - Chapter 6
2026-03-14 15:47:51,939 [INFO] 큐 추가: [22] blog/digital-sat-guide.html — Digital SAT Complete Guide 2025: Format, Scoring &amp; How t
2026-03-14 15:47:51,940 [INFO] 큐 추가: [23] blog/ib-aa-calculus-hl-textbook.html — Further Calculus — IB Math AA (HL)
2026-03-14 15:47:51,941 [INFO] 큐 추가: [24] blog/ib-aa-calculus-sl-textbook.html — Calculus (SL) — IB Math AA
2026-03-14 15:47:51,941 [INFO] 큐 추가: [25] blog/ib-aa-complex-numbers-textbook.html — Complex Numbers — IB Math AA (HL)
2026-03-14 15:47:51,942 [INFO] 큐 추가: [26] blog/ib-aa-functions-textbook.html — Functions — IB Math AA
2026-03-14 15:47:51,943 [INFO] 큐 추가: [27] blog/ib-aa-further-algebra-textbook.html — Further Algebra — IB Math AA (HL)
2026-03-14 15:47:51,944 [INFO] 큐 추가: [28] blog/ib-aa-further-probability-textbook.html — Further Probability &amp; Statistics — IB Math AA (HL)
2026-03-14 15:47:51,945 [INFO] 큐 추가: [29] blog/ib-aa-further-trig-textbook.html — Further Trigonometry — IB Math AA (HL)
2026-03-14 15:47:51,946 [INFO] 큐 추가: [30] blog/ib-aa-geometry-trig-textbook.html — Geometry &amp; Trigonometry — IB Math AA
2026-03-14 15:47:51,948 [INFO] 큐 추가: [31] blog/ib-aa-number-algebra-textbook.html — Number &amp; Algebra — IB Math AA
2026-03-14 15:47:51,949 [INFO] 큐 추가: [32] blog/ib-aa-statistics-probability-textbook.html — Statistics &amp; Probability — IB Math AA
2026-03-14 15:47:51,950 [INFO] 큐 추가: [33] blog/ib-aa-vectors-textbook.html — Vectors — IB Math AA (HL)
2026-03-14 15:47:51,951 [INFO] 큐 추가: [34] blog/ib-ai-calculus-hl-textbook.html — Further Calculus — IB Math AI (HL)
2026-03-14 15:47:51,951 [INFO] 큐 추가: [35] blog/ib-ai-calculus-sl-textbook.html — Calculus — IB Math AI (SL)
2026-03-14 15:47:51,952 [INFO] 큐 추가: [36] blog/ib-ai-functions-textbook.html — Functions — IB Math AI
2026-03-14 15:47:51,953 [INFO] 큐 추가: [37] blog/ib-ai-further-functions-textbook.html — Further Functions — IB Math AI (HL)
2026-03-14 15:47:51,954 [INFO] 큐 추가: [38] blog/ib-ai-further-number-textbook.html — Further Number & Graph Theory — IB Math AI (HL)
2026-03-14 15:47:51,957 [INFO] 큐 추가: [39] blog/ib-ai-further-statistics-textbook.html — Further Statistics — IB Math AI (HL)
2026-03-14 15:47:51,958 [INFO] 큐 추가: [40] blog/ib-ai-geometry-textbook.html — Geometry &amp; Trigonometry — IB Math AI
2026-03-14 15:47:51,958 [INFO] 큐 추가: [41] blog/ib-ai-number-algebra-textbook.html — Number &amp; Algebra — IB Math AI
2026-03-14 15:47:51,959 [INFO] 큐 추가: [42] blog/ib-ai-statistics-textbook.html — Statistics &amp; Probability — IB Math AI
2026-03-14 15:47:51,960 [INFO] 큐 추가: [43] blog/ib-ee-mathematics-textbook.html — IB Extended Essay in Mathematics — Complete Guide
2026-03-14 15:47:51,961 [INFO] 큐 추가: [44] blog/igcse-maths-revision-guide.html — IGCSE Maths Revision Guide: Tips, Topics &amp; Past Paper St
2026-03-14 15:47:51,962 [INFO] 큐 추가: [45] blog/pre-algebra-equations-textbook.html — Pre-Algebra: Equations & Inequalities - Chapter 6
2026-03-14 15:47:51,964 [INFO] 큐 추가: [46] blog/pre-algebra-expressions-textbook.html — Pre-Algebra: Variables, Expressions & Properties - Chapter 5
2026-03-14 15:47:51,969 [INFO] 큐 추가: [47] blog/pre-algebra-fractions-textbook.html — Pre-Algebra: Fractions & Decimals - Chapter 2
2026-03-14 15:47:51,970 [INFO] 큐 추가: [48] blog/pre-algebra-geometry-textbook.html — Pre-Algebra: Geometry — Area, Perimeter & Volume - Chapter 7
2026-03-14 15:47:51,972 [INFO] 큐 추가: [49] blog/pre-algebra-integers-textbook.html — Pre-Algebra: Integers & Number Sense - Chapter 1
2026-03-14 15:47:51,974 [INFO] 큐 추가: [50] blog/pre-algebra-percents-textbook.html — Pre-Algebra: Percents - Chapter 4
2026-03-14 15:47:51,976 [INFO] 큐 추가: [51] blog/pre-algebra-ratios-textbook.html — Pre-Algebra: Ratios, Rates & Proportions - Chapter 3
2026-03-14 15:47:51,978 [INFO] 큐 추가: [52] blog/pre-algebra-statistics-textbook.html — Pre-Algebra: Data, Statistics & Probability - Chapter 8
2026-03-14 15:47:51,982 [INFO] 큐 추가: [53] blog/precalculus-conic-sections-textbook.html — Precalculus: Conic Sections - Chapter 8
2026-03-14 15:47:51,985 [INFO] 큐 추가: [54] blog/precalculus-exponential-log-textbook.html — Precalculus: Exponential &amp; Logarithmic Functions - Chapt
2026-03-14 15:47:51,987 [INFO] 큐 추가: [55] blog/precalculus-functions-textbook.html — Precalculus: Functions and Their Graphs - Chapter 1
2026-03-14 15:47:51,990 [INFO] 큐 추가: [56] blog/precalculus-intro-calculus-textbook.html — Precalculus: Introduction to Calculus (Limits Preview) - Cha
2026-03-14 15:47:51,993 [INFO] 큐 추가: [57] blog/precalculus-polynomial-textbook.html — Precalculus: Polynomial Functions - Chapter 2
2026-03-14 15:47:51,995 [INFO] 큐 추가: [58] blog/precalculus-rational-textbook.html — Precalculus: Rational Functions - Chapter 3
2026-03-14 15:47:51,998 [INFO] 큐 추가: [59] blog/precalculus-sequences-series-textbook.html — Precalculus: Sequences &amp; Series - Chapter 9
2026-03-14 15:47:52,001 [INFO] 큐 추가: [60] blog/precalculus-trig-identities-textbook.html — Precalculus: Trigonometric Identities &amp; Equations - Chap
2026-03-14 15:47:52,005 [INFO] 큐 추가: [61] blog/precalculus-trigonometry-textbook.html — Precalculus: Trigonometric Functions - Chapter 5
2026-03-14 15:47:52,008 [INFO] 큐 추가: [62] blog/precalculus-vectors-textbook.html — Precalculus Chapter 7: Vectors &amp; Polar Coordinates
2026-03-14 15:47:52,009 [INFO] 큐 추가: [63] blog/sat-math-tips.html — 15 SAT Math Tips and Strategies for 2025
2026-03-14 15:47:52,010 [INFO] 큐 추가: [64] us/blog/oeis-a392303-lattice-paths.html — A New Integer Sequence in the OEIS — The Journey of A392303
2026-03-14 15:47:52,010 [INFO] 큐 추가: [65] us/blog/sat-2026-schedule.html — 2026 SAT Test Dates & Complete Guide | Digital SAT Format, S
2026-03-14 15:47:52,011 [INFO] 큐 추가: [66] kr/blog/2x-vs-x2.html — Oxford Interview: Comparing 2^x and x^2 - 수학 블로그
2026-03-14 15:47:52,012 [INFO] 큐 추가: [67] kr/blog/advanced-number-theory.html — 중국인의 나머지 정리와 추가 분석법 - 수학 블로그
2026-03-14 15:47:52,013 [INFO] 큐 추가: [68] kr/blog/ap-calc-2026-guide.html — AP Calculus AB/BC 2026 시험 완벽 가이드 — 지금부터 준비해야 할 것들
2026-03-14 15:47:52,015 [INFO] 큐 추가: [69] kr/blog/chinese-remainder-theorem.html — 중국인의 나머지 정리 - 수학 블로그
2026-03-14 15:47:52,016 [INFO] 큐 추가: [70] kr/blog/complex-polar-form.html — 복소수의 극형식과 드무아브르 정리 - 수학 블로그
2026-03-14 15:47:52,017 [INFO] 큐 추가: [71] kr/blog/csat-math-format-history.html — 수능 수학 영역 변천사 총정리 (2005~2028) - 가형 나형부터 2028 개편까지
2026-03-14 15:47:52,018 [INFO] 큐 추가: [72] kr/blog/derivative-of-rational-functions.html — 분수함수의 미분 - 몫의 미분법 완벽 가이드 | 수학 블로그
2026-03-14 15:47:52,018 [INFO] 큐 추가: [73] kr/blog/dirichlet-theorem.html — 디리클레 소수 정리 - 수학 블로그
2026-03-14 15:47:52,019 [INFO] 큐 추가: [74] kr/blog/duplicate-combination.html — 중복조합의 개념과 활용 - 완벽 가이드 | 수학 블로그
2026-03-14 15:47:52,020 [INFO] 큐 추가: [75] kr/blog/euler-formula.html — 오일러 공식과 복소지수함수 - 수학 블로그
2026-03-14 15:47:52,021 [INFO] 큐 추가: [76] kr/blog/euler-phi-function.html — 오일러 파이 함수와 관련 공식 - 수학 블로그
2026-03-14 15:47:52,021 [INFO] 큐 추가: [77] kr/blog/fermats-little-theorem.html — 페르마의 소정리 - 수학 블로그
2026-03-14 15:47:52,022 [INFO] 큐 추가: [78] kr/blog/godel-incompleteness.html — 괴델의 불완전성 정리 - 수학의 한계를 밝히다 | 수학 블로그
2026-03-14 15:47:52,023 [INFO] 큐 추가: [79] kr/blog/liouville-integration-theorem.html — 리우빌의 적분 정리 - 초등함수로 표현 가능한 적분 - 수학 블로그
2026-03-14 15:47:52,023 [INFO] 큐 추가: [80] kr/blog/logarithm-calculus.html — 로그함수의 미분과 적분 - 자연로그와 일반로그 | 수학 블로그
2026-03-14 15:47:52,026 [INFO] 큐 추가: [81] kr/blog/middle2-inequality.html — 부등식 - 중학교 2학년 1학기 5단원
2026-03-14 15:47:52,027 [INFO] 큐 추가: [82] kr/blog/middle2-monomial.html — 단항식의 계산 - 중학교 2학년 1학기 2단원
2026-03-14 15:47:52,029 [INFO] 큐 추가: [83] kr/blog/middle2-polynomial.html — 다항식의 계산 - 중학교 2학년 1학기 3단원
2026-03-14 15:47:52,030 [INFO] 큐 추가: [84] kr/blog/middle2-rational-numbers.html — 유리수와 순환소수 - 중학교 2학년 1학기 1단원
2026-03-14 15:47:52,032 [INFO] 큐 추가: [85] kr/blog/middle2-simultaneous.html — 연립방정식 - 중학교 2학년 1학기 4단원
2026-03-14 15:47:52,034 [INFO] 큐 추가: [86] kr/blog/middle3-quadratic-function.html — 이차함수 - 중학교 3학년 2학기
2026-03-14 15:47:52,035 [INFO] 큐 추가: [87] kr/blog/oeis-a392303-lattice-paths.html — OEIS에 새로운 정수 수열 등록 — A392303 포물선 격자 경로 | 수학 블로그
2026-03-14 15:47:52,037 [INFO] 큐 추가: [88] kr/blog/origami-cubic-equation.html — 종이접기 기하학과 삼차방정식 - 자와 컴퍼스를 넘어서 | 수학 블로그
2026-03-14 15:47:52,038 [INFO] 큐 추가: [89] kr/blog/permutation-combination.html — 경우의 수: 순열과 조합의 비교 - 완벽 가이드 | 수학 블로그
2026-03-14 15:47:52,039 [INFO] 큐 추가: [90] kr/blog/polar-coordinates.html — 극좌표와 극형식 - 수학 블로그
2026-03-14 15:47:52,039 [INFO] 큐 추가: [91] kr/blog/quiz-demo-derivatives.html — 미분 연습문제 (채점 기능)
2026-03-14 15:47:52,040 [INFO] 큐 추가: [92] kr/blog/riemann-sum.html — 리만 합과 구분구적법 - 수학 블로그
2026-03-14 15:47:52,041 [INFO] 큐 추가: [93] kr/blog/sat-2026-schedule.html — 2026년 SAT 시험 일정 총정리 | 디지털 SAT 소개, 점수, 등록 방법
2026-03-14 15:47:52,042 [INFO] 큐 추가: [94] kr/blog/sat-d5-strategy.html — SAT 수학 D-5 마지막 전략 — 5일 만에 점수 지키는 법
2026-03-14 15:47:52,042 [INFO] 큐 추가: [95] kr/blog/taylor-series-error-bound.html — 테일러 급수 에러 바운드 구하기 - 수학 블로그
2026-03-14 15:47:52,043 [INFO] 큐 추가: [96] kr/blog/trigonometric-calculus.html — 삼각함수의 미분과 적분 공식 - 수학 블로그
2026-03-14 15:47:52,044 [INFO] 큐 추가: [97] kr/blog/trigonometric-formulas.html — 삼각함수 배각공식과 반각공식 - 수학 블로그
2026-03-14 15:47:52,044 [INFO] 스캔 완료: 97개 추가됨
2026-03-14 15:47:57,612 [WARNING] 활성화된 플랫폼 없음. 환경변수 SNS_NAVER/SNS_TISTORY/SNS_BLOGGER/SNS_INSTAGRAM 확인.
2026-03-14 15:47:57,612 [INFO] 
============================================================
발행: [1] A-Level Maths Past Papers: Complete Guide to Using Them Effectively
2026-03-14 15:47:57,612 [INFO] 
============================================================
발행: [2] Algebra 2: Conic Sections - Chapter 10
2026-03-14 15:47:57,612 [INFO] 
============================================================
발행: [3] Algebra 2: Exponential &amp; Logarithmic Functions - Chapter 6
2026-03-14 15:48:02,069 [INFO] 
============================================================
발행: [1] A-Level Maths Past Papers: Complete Guide to Using Them Effectively
2026-03-14 15:48:02,069 [INFO]   [naver] 발행 중...
2026-03-14 15:48:02,069 [INFO]   [naver] [DRY-RUN] 발행 시뮬레이션 완료
2026-03-14 15:48:02,070 [INFO]   [tistory] 발행 중...
2026-03-14 15:48:02,070 [INFO]   [tistory] [DRY-RUN] 발행 시뮬레이션 완료
2026-03-14 15:48:02,070 [INFO] 
============================================================
발행: [2] Algebra 2: Conic Sections - Chapter 10
2026-03-14 15:48:02,070 [INFO]   [naver] 발행 중...
2026-03-14 15:48:02,070 [INFO]   [naver] [DRY-RUN] 발행 시뮬레이션 완료
2026-03-14 15:48:02,070 [INFO]   [tistory] 발행 중...
2026-03-14 15:48:02,070 [INFO]   [tistory] [DRY-RUN] 발행 시뮬레이션 완료
2026-03-14 15:48:02,070 [INFO] 
============================================================
발행: [3] Algebra 2: Exponential &amp; Logarithmic Functions - Chapter 6
2026-03-14 15:48:02,070 [INFO]   [naver] 발행 중...
2026-03-14 15:48:02,070 [INFO]   [naver] [DRY-RUN] 발행 시뮬레이션 완료
2026-03-14 15:48:02,070 [INFO]   [tistory] 발행 중...
2026-03-14 15:48:02,070 [INFO]   [tistory] [DRY-RUN] 발행 시뮬레이션 완료
